  register.c
C:\Users\yube\Downloads\headerfiles_cfiles\register.c(6,20): error C2143: 構文エラー: ';' が '{' の前にありません。
C:\Users\yube\Downloads\headerfiles_cfiles\register.c(10,20): warning C4098: 'register_infomation': 戻り値の型が 'void' で宣言された関数が、値を返しました。
C:\Users\yube\Downloads\headerfiles_cfiles\register.c(12,14): warning C4098: 'register_infomation': 戻り値の型が 'void' で宣言された関数が、値を返しました。
C:\Users\yube\Downloads\headerfiles_cfiles\register.c(15,45): error C2143: 構文エラー: ';' が '{' の前にありません。
C:\Users\yube\Downloads\headerfiles_cfiles\register.c(17,24): error C2065: 'db': 定義されていない識別子です。
C:\Users\yube\Downloads\headerfiles_cfiles\register.c(17,24): warning C4047: '関数': 間接参照のレベルが 'sqlite3 *' と 'int' で異なっています。
C:\Users\yube\Downloads\headerfiles_cfiles\register.c(17,22): warning C4024: 'sqlite3_exec': の型が 1 の仮引数および実引数と異なります。
C:\Users\yube\Downloads\headerfiles_cfiles\register.c(17,29): error C2065: 'sql': 定義されていない識別子です。
C:\Users\yube\Downloads\headerfiles_cfiles\register.c(17,29): warning C4047: '関数': 間接参照のレベルが 'const char *' と 'int' で異なっています。
C:\Users\yube\Downloads\headerfiles_cfiles\register.c(17,26): warning C4024: 'sqlite3_exec': の型が 2 の仮引数および実引数と異なります。
C:\Users\yube\Downloads\headerfiles_cfiles\register.c(26,12): error C2143: 構文エラー: ';' が '{' の前にありません。
C:\Users\yube\Downloads\headerfiles_cfiles\register.c(28,22): warning C4098: 'register_infomation': 戻り値の型が 'void' で宣言された関数が、値を返しました。
C:\Users\yube\Downloads\headerfiles_cfiles\register.c(63,13): warning C4098: 'register_infomation': 戻り値の型が 'void' で宣言された関数が、値を返しました。
C:\Users\yube\Downloads\headerfiles_cfiles\register.c(5): fatal error C1075: '{': 一致するトークンが見つかりませんでした
  test.c
  update.c
C:\Users\yube\Downloads\headerfiles_cfiles\update.c(8,19): warning C4101: 'score': ローカル変数は 1 度も使われていません。
C:\Users\yube\Downloads\headerfiles_cfiles\update.c(8,13): warning C4101: 'name': ローカル変数は 1 度も使われていません。
C:\Users\yube\Downloads\headerfiles_cfiles\update.c(7,10): warning C4101: 'sql': ローカル変数は 1 度も使われていません。
C:\Users\yube\Downloads\headerfiles_cfiles\update.c(8,9): warning C4101: 'id': ローカル変数は 1 度も使われていません。
  コードを生成中...
